<?xml version="1.0" encoding="UTF-8"?>
<!-- Generated by org.testng.reporters.JUnitXMLReporter -->
<testsuite ignored="1" hostname="GOPINATH-LAP" failures="1" tests="2" name="Edge Test" time="47.933" errors="0" timestamp="2022-11-30T16:12:00 IST">
  <testcase classname="execution.Login" name="Invalid_Logintest" time="6.854"/>
  <testcase classname="execution.Login" name="Invalid_Logintest" time="40.614">
    <failure type="org.openqa.selenium.TimeoutException" message="Expected condition failed: waiting for element to be clickable: [[EdgeDriver: msedge on WINDOWS (922e652cbaa0079b87f82214c32f7b36)] -&amp;gt; id: btnLoginId] (tried for 20 second(s) with 500 milliseconds interval)
Build info: version: &amp;apos;4.6.0&amp;apos;, revision: &amp;apos;79f1c02ae20&amp;apos;
System info: os.name: &amp;apos;Windows 10&amp;apos;, os.arch: &amp;apos;amd64&amp;apos;, os.version: &amp;apos;10.0&amp;apos;, java.version: &amp;apos;18.0.1.1&amp;apos;
Driver info: org.openqa.selenium.edge.EdgeDriver
Capabilities {acceptInsecureCerts: false, browserName: msedge, browserVersion: 107.0.1418.56, ms:edgeOptions: {debuggerAddress: localhost:63748}, msedge: {msedgedriverVersion: 107.0.1418.62 (cd9348711d31..., userDataDir: C:\Users\Gopinath\AppData\L...}, networkConnectionEnabled: false, pageLoadStrategy: normal, platformName: WINDOWS, proxy: Proxy(), se:cdp: ws://localhost:63748/devtoo..., se:cdpVersion: 107.0.1418.56, setWindowRect: true, strictFileInteractability: false, timeouts: {implicit: 0, pageLoad: 300000, script: 30000}, unhandledPromptBehavior: dismiss and notify, webauthn:extension:credBlob: true, webauthn:extension:largeBlob: true, webauthn:virtualAuthenticators: true}
Session ID: 922e652cbaa0079b87f82214c32f7b36">
      <![CDATA[org.openqa.selenium.TimeoutException: Expected condition failed: waiting for element to be clickable: [[EdgeDriver: msedge on WINDOWS (922e652cbaa0079b87f82214c32f7b36)] -> id: btnLoginId] (tried for 20 second(s) with 500 milliseconds interval)
Build info: version: '4.6.0', revision: '79f1c02ae20'
System info: os.name: 'Windows 10', os.arch: 'amd64', os.version: '10.0', java.version: '18.0.1.1'
Driver info: org.openqa.selenium.edge.EdgeDriver
Capabilities {acceptInsecureCerts: false, browserName: msedge, browserVersion: 107.0.1418.56, ms:edgeOptions: {debuggerAddress: localhost:63748}, msedge: {msedgedriverVersion: 107.0.1418.62 (cd9348711d31..., userDataDir: C:\Users\Gopinath\AppData\L...}, networkConnectionEnabled: false, pageLoadStrategy: normal, platformName: WINDOWS, proxy: Proxy(), se:cdp: ws://localhost:63748/devtoo..., se:cdpVersion: 107.0.1418.56, setWindowRect: true, strictFileInteractability: false, timeouts: {implicit: 0, pageLoad: 300000, script: 30000}, unhandledPromptBehavior: dismiss and notify, webauthn:extension:credBlob: true, webauthn:extension:largeBlob: true, webauthn:virtualAuthenticators: true}
Session ID: 922e652cbaa0079b87f82214c32f7b36
at org.openqa.selenium.support.ui.WebDriverWait.timeoutException(WebDriverWait.java:87)
at org.openqa.selenium.support.ui.FluentWait.until(FluentWait.java:231)
at base.BasicFunction.explicit_Wait_Click(BasicFunction.java:47)
at base.BasicFunction.Click(BasicFunction.java:74)
at pageModule.Login_Test.Login_Page(Login_Test.java:27)
at execution.Login.Invalid_Logintest(Login.java:102)
at java.base/java.util.concurrent.FutureTask.run(FutureTask.java:264)
at java.base/java.util.concurrent.Executors$RunnableAdapter.call(Executors.java:539)
at java.base/java.util.concurrent.FutureTask.run(FutureTask.java:264)
at java.base/java.util.concurrent.ThreadPoolExecutor.runWorker(ThreadPoolExecutor.java:1136)
at java.base/java.util.concurrent.ThreadPoolExecutor$Worker.run(ThreadPoolExecutor.java:635)
at java.base/java.lang.Thread.run(Thread.java:833)
... Removed 7 stack frames]]>
    </failure>
  </testcase> <!-- Invalid_Logintest -->
  <testcase classname="execution.Login" name="Logintest" time="0.0">
    <ignored/>
  </testcase> <!-- Logintest -->
</testsuite> <!-- Edge Test -->
